### ISSUE TITLE
Random crashes on AArch64/ARM64 while scaling images

### ISSUE THREAD

**Issue by alset333** [libjpeg-turbo/libjpeg-turbo#913]
**Have you searched the existing issues (both open and closed) in the libjpeg-turbo issue tracker to ensure that this bug report is not a duplicate?**

Yes. Found bug #97 which describes a similar crash, but I tested against the latest sources AND also tested against 1.5.1 (which fixed bug 97) and encountered this version of the issue on both.

**Does this bug report describe one of the [two known and unsolvable issues with the JPEG format](https://libjpeg-turbo.org/pmwiki/uploads/About/TwoIssueswiththeJPEGStandard.pdf)?**

No

**Clear and concise description of the bug:**

Scaling JPEG images with libjpeg-turbo on ARM64 devices can cause random crashes; running the same scaling operation repeatedly it crashes as much as a third of the time. The issue appears to be SIMD related: with SIMD disabled (JSIMD_FORCENONE=1) the crashes did not occur. Encountered this issue in Home Assistant and followed it back to here.

**Steps to reproduce the bug (using *only* libjpeg-turbo):**

Attached is a test C program that generates an image and repeatedly scales it, reallocating the buffer between iterations. Running it repeatedly against libjpeg-turbo shows a non-deterministic crash. I've tried to simplify it as much as possible while still demonstrating the issue.

[scale_test.c](https://github.com/user-attachments/files/31450119/scale_test.c)

```
# Build test program with libjpeg-turbo present (this example assumes it's in /tmp/)
gcc -o /tmp/scale_test /tmp/scale_test.c -I./src -L./build -lturbojpeg -Wl,-rpath,/tmp/libjpeg-turbo/build
# Expect a crash
for i in $(seq 1 100); do /tmp/scale_test || echo "CRASHED"; done
# Expect no crashes
for i in $(seq 1 100); do JSIMD_FORCENONE=1 /tmp/scale_test || echo "CRASHED"; done
```

**Expected/Observed behavior:**

libjpeg-turbo should not crash randomly due to runtime state. JSIMD_FORCENONE=1 is a workaround but reduces performance.

**Platform(s) (compiler version, operating system version, CPU) on which the bug was observed:**

- Hardkernel ODROID-N2+ (Amlogic S922X, Cortex-A73/A53), aarch64
- Alpine Linux 3.24, libturbojpeg-3.1.3-r0 package (built with GCC 15.2)
- Debian 13 (trixie), libturbojpeg0 1:2.1.5-4 package
- Debian 13 (trixie) source builds with GCC 14.2.0 (versions 1.5.1, 3.1.4.1, and tip of main)

**libjpeg-turbo release(s), commit(s), or branch(es) in which the bug was observed (always test the tip of the main branch or the latest [stable pre-release](https://libjpeg-turbo.org/DeveloperInfo/PreReleases) to verify that the bug hasn't already been fixed):**

- 1.5.1 (source build) - crashes
- 2.1.5 (Debian package) - crashes
- 3.1.3 (Alpine package) - crashes
- 3.1.4.1 (source build) - crashes
- tip of main (git clone on 2026-08-26, source build) - crashes

All versions pass all runs with JSIMD_FORCENONE=1 added, but performance may be worse.

**Comment by dcommander** [comment]
Cannot reproduce.  `make test` exercises these same code paths, and no one else has reported any such issue, so I strongly suspect that it's specific to your hardware.  Regardless, there isn't much I can do without the ability to reproduce it.  If I could reproduce it, my basic strategy would be:
1. Obtain a core dump and stack trace from the crashes.
2. Verify that the crashes are occurring in the same place.
3. Determine whether one specific instruction or intrinsic is responsible.

Where to go from there would depend on whether the crash scope can be narrowed as such.  If so, then the next thing I would do would be to investigate whether there are known issues with that instruction/intrinsic on the hardware in question.

The thing is, though, the Arm Neon SIMD extensions in libjpeg-turbo 1.5.x and 3.2.x (main) are completely different code bases.  Prior to libjpeg-turbo 2.1.x, the Neon SIMD extensions were implemented using GNU assembler (GAS.)  libjpeg-turbo 2.1.x introduced a compiler intrinsics implementation that was automatically used when building with Clang or GCC 12+.  To prevent performance regressions, some Neon SIMD modules fell back to the older GAS implementations when building with GCC 11-.  libjpeg-turbo 3.2.x (main) removed the GAS fallback, so the Neon SIMD extensions are 100% compiler intrinsics now.

Also, [a lot of the modules simply weren't SIMD-accelerated in 1.5.x](https://libjpeg-turbo.org/About/SIMDCoverage).  So it's hard to imagine that this could be due to a single instruction or intrinsic, given that the differences in the 1.5.x and 3.2.x implementations are so vast.  My gut says that it may be a general problem with your hardware's handling of Neon instructions.

**Comment by dcommander** [comment]
Happy to answer additional questions here, but unfortunately there isn't anything else I can do without further information.

**Comment by alset333** [comment]
Thank you for the response. I was able to test a bit more and hopefully some of this will narrow it down.

Tested on ODROID-N2+ Amlogic S922X:
- I saw it occasionally crash on Cortex-A73 cores (cpu2-5).
- But I never saw any crashes on Cortex-A53 cores (cpu0-1).

Tested on Raspberry Pi 4 Cortex-A72 but never saw crashes there.

I've tried with both gcc and clang, but both crash so the bug is not compiler-specific.

I was able to grab some better logs testing this time. When I run it on a loop, it often works but will randomly segfault. Here are two; they always look similar, but not bit-for-bit.
From what I could find, it seems like the software is reading garbage data as an address: the instruction uses the 64-bit 'x0' index but AArch64 ABI only guarantees the lower 'w0' 32 bits when handling 32-bit args.

Crash 1
```
Program received signal SIGSEGV, Segmentation fault.
0x0000ffff9db11810 in jsimd_huff_encode_one_block_neon () from /tmp/libjpeg-turbo/build/libturbojpeg.so.0
#0  0x0000ffff9db11810 in jsimd_huff_encode_one_block_neon () from /tmp/libjpeg-turbo/build/libturbojpeg.so.0
#1  0x0000ffff9da8457c in encode_mcu_huff () from /tmp/libjpeg-turbo/build/libturbojpeg.so.0
#2  0x0000ffff9da6600c in compress_data () from /tmp/libjpeg-turbo/build/libturbojpeg.so.0
#3  0x0000ffff9da88988 in process_data_simple_main () from /tmp/libjpeg-turbo/build/libturbojpeg.so.0
#4  0x0000ffff9da65008 in jpeg_write_scanlines () from /tmp/libjpeg-turbo/build/libturbojpeg.so.0
#5  0x0000ffff9dae4718 in tj3Compress8 () from /tmp/libjpeg-turbo/build/libturbojpeg.so.0
#6  0x0000aaaac91a0bb4 in main ()
x0             0xfffffff3          4294967283
x4             0xaaaafd7ace20      187651373846048
=> 0xffff9db11810 <jsimd_huff_encode_one_block_neon+432>:       ldr     w4, [x4, x0, lsl #2]
   0xffff9db11814 <jsimd_huff_encode_one_block_neon+436>:       eor     v30.16b, v25.16b, v30.16b
   0xffff9db11818 <jsimd_huff_encode_one_block_neon+440>:       ldrb    w0, [x6, #1024]
```
Crash 2
```
Program received signal SIGSEGV, Segmentation fault.
0x0000ffff93161810 in jsimd_huff_encode_one_block_neon () from /tmp/libjpeg-turbo/build/libturbojpeg.so.0
#0  0x0000ffff93161810 in jsimd_huff_encode_one_block_neon () from /tmp/libjpeg-turbo/build/libturbojpeg.so.0
#1  0x0000ffff930d457c in encode_mcu_huff () from /tmp/libjpeg-turbo/build/libturbojpeg.so.0
#2  0x0000ffff930b600c in compress_data () from /tmp/libjpeg-turbo/build/libturbojpeg.so.0
#3  0x0000ffff930d8988 in process_data_simple_main () from /tmp/libjpeg-turbo/build/libturbojpeg.so.0
#4  0x0000ffff930b5008 in jpeg_write_scanlines () from /tmp/libjpeg-turbo/build/libturbojpeg.so.0
#5  0x0000ffff93134718 in tj3Compress8 () from /tmp/libjpeg-turbo/build/libturbojpeg.so.0
#6  0x0000aaaada840bb4 in main ()
x0             0xfffffff1          4294967281
x4             0xaaaae3333e20      187650932948512
=> 0xffff93161810 <jsimd_huff_encode_one_block_neon+432>:       ldr     w4, [x4, x0, lsl #2]
   0xffff93161814 <jsimd_huff_encode_one_block_neon+436>:       eor     v30.16b, v25.16b, v30.16b
   0xffff93161818 <jsimd_huff_encode_one_block_neon+440>:       ldrb    w0, [x6, #1024]

**Comment by dcommander** [comment]
Let's focus on the main branch, since it is guaranteed not to use raw assembly code and will thus be easier to debug. Can you repeat the test with a build that has debug symbols? (Pass `-DCMAKE_BUILD_TYPE=RelWithDebInfo` to cmake when configuring the build.) That should provide enough information in the stack trace to determine the line of code that is failing.

This actually sounds similar to an issue we had with x86-64 some time ago. However, I don't understand why the issue is occurring with the intrinsics implementation, since the compiler takes care of argument passing and other ABI details in that case.

**Comment by dcommander** [comment]
NOTE: For reference, the aforementioned x86-64 issue is described in https://github.com/libjpeg-turbo/libjpeg-turbo/commit/498d9bc92fcf39124b6f08e57326944dedd2ddd6 and https://github.com/libjpeg-turbo/libjpeg-turbo/pull/20

**Comment by dcommander** [comment]
@alset333 Please provide the information I asked for.
